2018-10-11 15:19:24,335 INFO  [com.jlupin.impl.server.jnative.defaults.JLupinNativeDefaultServerImpl] (main) MESSAGE ID:32 METHOD:start LINE:117 LOG:server name:JLRMC thread pool size is:128
2018-10-11 15:19:24,347 INFO  [com.jlupin.impl.util.container.socket.JLupinSocketContainer] (main) MESSAGE ID:1 METHOD:<init> LINE:39 LOG:cachedMainSocketMap1=JLupinSocketWrapperMap{name='working for server:JLRMC - name itself:cachedMainSocketMap1'}
2018-10-11 15:19:24,347 INFO  [com.jlupin.impl.util.container.socket.JLupinSocketContainer] (main) MESSAGE ID:12 METHOD:<init> LINE:40 LOG:cachedMainSocketMap2=JLupinSocketWrapperMap{name='working for server:JLRMC - name itself:cachedMainSocketMap2'}
2018-10-11 15:19:24,353 INFO  [com.jlupin.impl.server.jnative.defaults.JLupinNativeDefaultServerImpl] (main) MESSAGE ID:34 METHOD:start LINE:143 LOG:established no ssl server socket factory
2018-10-11 15:19:24,354 INFO  [com.jlupin.impl.server.jnative.defaults.JLupinNativeDefaultServerImpl] (main) MESSAGE ID:7 METHOD:beginStopForce LINE:207 LOG:server name:JLRMC stop force begin
2018-10-11 15:19:24,354 INFO  [com.jlupin.impl.util.container.socket.JLupinSocketContainer] (main) MESSAGE ID:6 METHOD:waitForCloseAllSocket LINE:138 LOG:server name:JLRMC can wait for finish all requests
2018-10-11 15:19:24,355 INFO  [com.jlupin.impl.server.jnative.defaults.JLupinNativeDefaultServerImpl] (main) MESSAGE ID:102 METHOD:stopListenMainSocketAndWaitForExecuteAllRequestsOnGivenTime LINE:263 LOG:server name:JLRMC stopListenMainSocketAndWaitForExecuteAllRequestsOnGivenTime finished
2018-10-11 15:19:24,355 INFO  [com.jlupin.impl.server.jnative.defaults.JLupinNativeDefaultServerImpl] (main) MESSAGE ID:72 METHOD:beginStopForce LINE:209 LOG:server name:JLRMC stop force finished
2018-10-11 15:19:24,367 INFO  [com.jlupin.impl.server.jnative.defaults.JLupinNativeDefaultServerImpl] (main) MESSAGE ID:7 METHOD:beginStopForce LINE:207 LOG:server name:JLRMC stop force begin
2018-10-11 15:19:24,367 INFO  [com.jlupin.impl.util.container.socket.JLupinSocketContainer] (main) MESSAGE ID:6 METHOD:waitForCloseAllSocket LINE:138 LOG:server name:JLRMC can wait for finish all requests
2018-10-11 15:19:24,367 INFO  [com.jlupin.impl.server.jnative.defaults.JLupinNativeDefaultServerImpl] (main) MESSAGE ID:102 METHOD:stopListenMainSocketAndWaitForExecuteAllRequestsOnGivenTime LINE:263 LOG:server name:JLRMC stopListenMainSocketAndWaitForExecuteAllRequestsOnGivenTime finished
2018-10-11 15:19:24,367 INFO  [com.jlupin.impl.server.jnative.defaults.JLupinNativeDefaultServerImpl] (main) MESSAGE ID:72 METHOD:beginStopForce LINE:209 LOG:server name:JLRMC stop force finished
2018-10-11 15:19:24,368 INFO  [com.jlupin.impl.server.jnative.defaults.JLupinNativeDefaultServerImpl] (main) MESSAGE ID:7 METHOD:beginStopForce LINE:207 LOG:server name:ELASTIC_HTTP stop force begin
2018-10-11 15:19:24,368 INFO  [com.jlupin.impl.server.jnative.defaults.JLupinNativeDefaultServerImpl] (main) MESSAGE ID:102 METHOD:stopListenMainSocketAndWaitForExecuteAllRequestsOnGivenTime LINE:263 LOG:server name:ELASTIC_HTTP stopListenMainSocketAndWaitForExecuteAllRequestsOnGivenTime finished
2018-10-11 15:19:24,368 INFO  [com.jlupin.impl.server.jnative.defaults.JLupinNativeDefaultServerImpl] (main) MESSAGE ID:72 METHOD:beginStopForce LINE:209 LOG:server name:ELASTIC_HTTP stop force finished
2018-10-11 15:19:24,368 INFO  [com.jlupin.impl.server.jnative.defaults.JLupinNativeDefaultServerImpl] (main) MESSAGE ID:7 METHOD:beginStopForce LINE:207 LOG:server name:QUEUE stop force begin
2018-10-11 15:19:24,368 INFO  [com.jlupin.impl.server.jnative.defaults.JLupinNativeDefaultServerImpl] (main) MESSAGE ID:102 METHOD:stopListenMainSocketAndWaitForExecuteAllRequestsOnGivenTime LINE:263 LOG:server name:QUEUE stopListenMainSocketAndWaitForExecuteAllRequestsOnGivenTime finished
2018-10-11 15:19:24,368 INFO  [com.jlupin.impl.server.jnative.defaults.JLupinNativeDefaultServerImpl] (main) MESSAGE ID:72 METHOD:beginStopForce LINE:209 LOG:server name:QUEUE stop force finished
2018-10-11 15:19:24,369 INFO  [com.jlupin.impl.server.jnative.defaults.JLupinNativeDefaultServerImpl] (main) MESSAGE ID:7 METHOD:beginStopForce LINE:207 LOG:server name:TRANSMISSION stop force begin
2018-10-11 15:19:24,369 INFO  [com.jlupin.impl.server.jnative.defaults.JLupinNativeDefaultServerImpl] (main) MESSAGE ID:102 METHOD:stopListenMainSocketAndWaitForExecuteAllRequestsOnGivenTime LINE:263 LOG:server name:TRANSMISSION stopListenMainSocketAndWaitForExecuteAllRequestsOnGivenTime finished
2018-10-11 15:19:24,369 INFO  [com.jlupin.impl.server.jnative.defaults.JLupinNativeDefaultServerImpl] (main) MESSAGE ID:72 METHOD:beginStopForce LINE:209 LOG:server name:TRANSMISSION stop force finished
2018-10-11 15:19:24,369 INFO  [com.jlupin.impl.server.jnative.defaults.JLupinNativeDefaultServerImpl] (main) MESSAGE ID:7 METHOD:beginStopForce LINE:207 LOG:server name:INFORMATION stop force begin
2018-10-11 15:19:24,369 INFO  [com.jlupin.impl.server.jnative.defaults.JLupinNativeDefaultServerImpl] (main) MESSAGE ID:102 METHOD:stopListenMainSocketAndWaitForExecuteAllRequestsOnGivenTime LINE:263 LOG:server name:INFORMATION stopListenMainSocketAndWaitForExecuteAllRequestsOnGivenTime finished
2018-10-11 15:19:24,369 INFO  [com.jlupin.impl.server.jnative.defaults.JLupinNativeDefaultServerImpl] (main) MESSAGE ID:72 METHOD:beginStopForce LINE:209 LOG:server name:INFORMATION stop force finished
2018-10-11 15:19:24,369 INFO  [com.jlupin.impl.server.jnative.defaults.JLupinNativeDefaultServerImpl] (main) MESSAGE ID:7 METHOD:beginStopForce LINE:207 LOG:server name:INFORMATION_HTTP stop force begin
2018-10-11 15:19:24,370 INFO  [com.jlupin.impl.server.jnative.defaults.JLupinNativeDefaultServerImpl] (main) MESSAGE ID:102 METHOD:stopListenMainSocketAndWaitForExecuteAllRequestsOnGivenTime LINE:263 LOG:server name:INFORMATION_HTTP stopListenMainSocketAndWaitForExecuteAllRequestsOnGivenTime finished
2018-10-11 15:19:24,370 INFO  [com.jlupin.impl.server.jnative.defaults.JLupinNativeDefaultServerImpl] (main) MESSAGE ID:72 METHOD:beginStopForce LINE:209 LOG:server name:INFORMATION_HTTP stop force finished
2018-10-11 15:19:27,291 INFO  [com.jlupin.impl.server.jnative.defaults.JLupinNativeDefaultServerImpl] (Thread-7) MESSAGE ID:9 METHOD:commitStop LINE:225 LOG:server name:JLRMC commit stop begin
2018-10-11 15:19:27,294 INFO  [com.jlupin.impl.server.jnative.defaults.JLupinNativeDefaultServerImpl] (Thread-7) MESSAGE ID:92 METHOD:commitStop LINE:233 LOG:server name:JLRMC commit stop finished
2018-10-11 15:19:27,294 INFO  [com.jlupin.impl.server.jnative.defaults.JLupinNativeDefaultServerImpl] (Thread-7) MESSAGE ID:9 METHOD:commitStop LINE:225 LOG:server name:ELASTIC_HTTP commit stop begin
2018-10-11 15:19:27,294 INFO  [com.jlupin.impl.server.jnative.defaults.JLupinNativeDefaultServerImpl] (Thread-7) MESSAGE ID:92 METHOD:commitStop LINE:233 LOG:server name:ELASTIC_HTTP commit stop finished
2018-10-11 15:19:27,295 INFO  [com.jlupin.impl.server.jnative.defaults.JLupinNativeDefaultServerImpl] (Thread-7) MESSAGE ID:9 METHOD:commitStop LINE:225 LOG:server name:QUEUE commit stop begin
2018-10-11 15:19:27,295 INFO  [com.jlupin.impl.server.jnative.defaults.JLupinNativeDefaultServerImpl] (Thread-7) MESSAGE ID:92 METHOD:commitStop LINE:233 LOG:server name:QUEUE commit stop finished
2018-10-11 15:19:27,295 INFO  [com.jlupin.impl.server.jnative.defaults.JLupinNativeDefaultServerImpl] (Thread-7) MESSAGE ID:9 METHOD:commitStop LINE:225 LOG:server name:TRANSMISSION commit stop begin
2018-10-11 15:19:27,295 INFO  [com.jlupin.impl.server.jnative.defaults.JLupinNativeDefaultServerImpl] (Thread-7) MESSAGE ID:92 METHOD:commitStop LINE:233 LOG:server name:TRANSMISSION commit stop finished
2018-10-11 15:19:27,295 INFO  [com.jlupin.impl.server.jnative.defaults.JLupinNativeDefaultServerImpl] (Thread-7) MESSAGE ID:9 METHOD:commitStop LINE:225 LOG:server name:INFORMATION commit stop begin
2018-10-11 15:19:27,296 INFO  [com.jlupin.impl.server.jnative.defaults.JLupinNativeDefaultServerImpl] (Thread-7) MESSAGE ID:92 METHOD:commitStop LINE:233 LOG:server name:INFORMATION commit stop finished
2018-10-11 15:19:27,296 INFO  [com.jlupin.impl.server.jnative.defaults.JLupinNativeDefaultServerImpl] (Thread-7) MESSAGE ID:9 METHOD:commitStop LINE:225 LOG:server name:INFORMATION_HTTP commit stop begin
2018-10-11 15:19:27,296 INFO  [com.jlupin.impl.server.jnative.defaults.JLupinNativeDefaultServerImpl] (Thread-7) MESSAGE ID:92 METHOD:commitStop LINE:233 LOG:server name:INFORMATION_HTTP commit stop finished
2018-10-11 15:20:32,654 INFO  [com.jlupin.impl.server.jnative.defaults.JLupinNativeDefaultServerImpl] (main) MESSAGE ID:32 METHOD:start LINE:117 LOG:server name:JLRMC thread pool size is:128
2018-10-11 15:20:32,665 INFO  [com.jlupin.impl.util.container.socket.JLupinSocketContainer] (main) MESSAGE ID:1 METHOD:<init> LINE:39 LOG:cachedMainSocketMap1=JLupinSocketWrapperMap{name='working for server:JLRMC - name itself:cachedMainSocketMap1'}
2018-10-11 15:20:32,665 INFO  [com.jlupin.impl.util.container.socket.JLupinSocketContainer] (main) MESSAGE ID:12 METHOD:<init> LINE:40 LOG:cachedMainSocketMap2=JLupinSocketWrapperMap{name='working for server:JLRMC - name itself:cachedMainSocketMap2'}
2018-10-11 15:20:32,669 INFO  [com.jlupin.impl.server.jnative.defaults.JLupinNativeDefaultServerImpl] (main) MESSAGE ID:34 METHOD:start LINE:143 LOG:established no ssl server socket factory
2018-10-11 15:20:32,670 INFO  [com.jlupin.impl.server.jnative.defaults.JLupinNativeDefaultServerImpl] (main) MESSAGE ID:35 METHOD:start LINE:155 LOG:server name:JLRMC socket established:ServerSocket[addr=0.0.0.0/0.0.0.0,localport=9090]
2018-10-11 15:20:32,670 INFO  [com.jlupin.impl.server.jnative.defaults.JLupinNativeDefaultServerImpl] (main) MESSAGE ID:36 METHOD:start LINE:158 LOG:received buffer size: 1152
2018-10-11 15:20:32,672 INFO  [com.jlupin.impl.server.jnative.defaults.JLupinNativeDefaultServerImpl] (main) MESSAGE ID:37 METHOD:start LINE:171 LOG:server name:JLRMC start listen correctly
2018-10-11 15:20:32,672 INFO  [com.jlupin.impl.server.jnative.defaults.JLupinNativeDefaultServerImpl] (main) MESSAGE ID:32 METHOD:start LINE:117 LOG:server name:ELASTIC_HTTP thread pool size is:64
2018-10-11 15:20:32,672 INFO  [com.jlupin.impl.util.container.socket.JLupinSocketContainer] (main) MESSAGE ID:1 METHOD:<init> LINE:39 LOG:cachedMainSocketMap1=JLupinSocketWrapperMap{name='working for server:ELASTIC_HTTP - name itself:cachedMainSocketMap1'}
2018-10-11 15:20:32,673 INFO  [com.jlupin.impl.util.container.socket.JLupinSocketContainer] (main) MESSAGE ID:12 METHOD:<init> LINE:40 LOG:cachedMainSocketMap2=JLupinSocketWrapperMap{name='working for server:ELASTIC_HTTP - name itself:cachedMainSocketMap2'}
2018-10-11 15:20:32,675 INFO  [com.jlupin.impl.server.jnative.defaults.JLupinNativeDefaultServerImpl] (main) MESSAGE ID:34 METHOD:start LINE:143 LOG:established no ssl server socket factory
2018-10-11 15:20:32,675 INFO  [com.jlupin.impl.server.jnative.defaults.JLupinNativeDefaultServerImpl] (main) MESSAGE ID:35 METHOD:start LINE:155 LOG:server name:ELASTIC_HTTP socket established:ServerSocket[addr=0.0.0.0/0.0.0.0,localport=8082]
2018-10-11 15:20:32,676 INFO  [com.jlupin.impl.server.jnative.defaults.JLupinNativeDefaultServerImpl] (main) MESSAGE ID:36 METHOD:start LINE:158 LOG:received buffer size: 43690
2018-10-11 15:20:32,677 INFO  [com.jlupin.impl.server.jnative.defaults.JLupinNativeDefaultServerImpl] (main) MESSAGE ID:37 METHOD:start LINE:171 LOG:server name:ELASTIC_HTTP start listen correctly
2018-10-11 15:20:32,677 INFO  [com.jlupin.impl.server.jnative.defaults.JLupinNativeDefaultServerImpl] (main) MESSAGE ID:32 METHOD:start LINE:117 LOG:server name:QUEUE thread pool size is:128
2018-10-11 15:20:32,677 INFO  [com.jlupin.impl.util.container.socket.JLupinSocketContainer] (main) MESSAGE ID:1 METHOD:<init> LINE:39 LOG:cachedMainSocketMap1=JLupinSocketWrapperMap{name='working for server:QUEUE - name itself:cachedMainSocketMap1'}
2018-10-11 15:20:32,678 INFO  [com.jlupin.impl.util.container.socket.JLupinSocketContainer] (main) MESSAGE ID:12 METHOD:<init> LINE:40 LOG:cachedMainSocketMap2=JLupinSocketWrapperMap{name='working for server:QUEUE - name itself:cachedMainSocketMap2'}
2018-10-11 15:20:32,678 INFO  [com.jlupin.impl.server.jnative.defaults.JLupinNativeDefaultServerImpl] (main) MESSAGE ID:34 METHOD:start LINE:143 LOG:established no ssl server socket factory
2018-10-11 15:20:32,678 INFO  [com.jlupin.impl.server.jnative.defaults.JLupinNativeDefaultServerImpl] (main) MESSAGE ID:35 METHOD:start LINE:155 LOG:server name:QUEUE socket established:ServerSocket[addr=0.0.0.0/0.0.0.0,localport=9095]
2018-10-11 15:20:32,679 INFO  [com.jlupin.impl.server.jnative.defaults.JLupinNativeDefaultServerImpl] (main) MESSAGE ID:36 METHOD:start LINE:158 LOG:received buffer size: 1152
2018-10-11 15:20:32,679 INFO  [com.jlupin.impl.server.jnative.defaults.JLupinNativeDefaultServerImpl] (main) MESSAGE ID:37 METHOD:start LINE:171 LOG:server name:QUEUE start listen correctly
2018-10-11 15:20:32,694 INFO  [com.jlupin.impl.server.jnative.defaults.JLupinNativeDefaultServerImpl] (main) MESSAGE ID:32 METHOD:start LINE:117 LOG:server name:TRANSMISSION thread pool size is:32
2018-10-11 15:20:32,695 INFO  [com.jlupin.impl.util.container.socket.JLupinSocketContainer] (main) MESSAGE ID:1 METHOD:<init> LINE:39 LOG:cachedMainSocketMap1=JLupinSocketWrapperMap{name='working for server:TRANSMISSION - name itself:cachedMainSocketMap1'}
2018-10-11 15:20:32,695 INFO  [com.jlupin.impl.util.container.socket.JLupinSocketContainer] (main) MESSAGE ID:12 METHOD:<init> LINE:40 LOG:cachedMainSocketMap2=JLupinSocketWrapperMap{name='working for server:TRANSMISSION - name itself:cachedMainSocketMap2'}
2018-10-11 15:20:32,696 INFO  [com.jlupin.impl.server.jnative.defaults.JLupinNativeDefaultServerImpl] (main) MESSAGE ID:33 METHOD:start LINE:138 LOG:established ssl server socket factory
2018-10-11 15:20:33,052 INFO  [com.jlupin.impl.server.jnative.defaults.JLupinNativeDefaultServerImpl] (main) MESSAGE ID:35 METHOD:start LINE:155 LOG:server name:TRANSMISSION socket established:[SSL: ServerSocket[addr=0.0.0.0/0.0.0.0,localport=9096]]
2018-10-11 15:20:33,052 INFO  [com.jlupin.impl.server.jnative.defaults.JLupinNativeDefaultServerImpl] (main) MESSAGE ID:36 METHOD:start LINE:158 LOG:received buffer size: 43690
2018-10-11 15:20:33,052 INFO  [com.jlupin.impl.server.jnative.defaults.JLupinNativeDefaultServerImpl] (main) MESSAGE ID:37 METHOD:start LINE:171 LOG:server name:TRANSMISSION start listen correctly
2018-10-11 15:20:33,053 INFO  [com.jlupin.impl.server.jnative.defaults.JLupinNativeDefaultServerImpl] (main) MESSAGE ID:32 METHOD:start LINE:117 LOG:server name:INFORMATION thread pool size is:32
2018-10-11 15:20:33,053 INFO  [com.jlupin.impl.util.container.socket.JLupinSocketContainer] (main) MESSAGE ID:1 METHOD:<init> LINE:39 LOG:cachedMainSocketMap1=JLupinSocketWrapperMap{name='working for server:INFORMATION - name itself:cachedMainSocketMap1'}
2018-10-11 15:20:33,053 INFO  [com.jlupin.impl.util.container.socket.JLupinSocketContainer] (main) MESSAGE ID:12 METHOD:<init> LINE:40 LOG:cachedMainSocketMap2=JLupinSocketWrapperMap{name='working for server:INFORMATION - name itself:cachedMainSocketMap2'}
2018-10-11 15:20:33,069 INFO  [com.jlupin.impl.server.jnative.defaults.JLupinNativeDefaultServerImpl] (main) MESSAGE ID:34 METHOD:start LINE:143 LOG:established no ssl server socket factory
2018-10-11 15:20:33,070 INFO  [com.jlupin.impl.server.jnative.defaults.JLupinNativeDefaultServerImpl] (main) MESSAGE ID:35 METHOD:start LINE:155 LOG:server name:INFORMATION socket established:ServerSocket[addr=0.0.0.0/0.0.0.0,localport=9097]
2018-10-11 15:20:33,070 INFO  [com.jlupin.impl.server.jnative.defaults.JLupinNativeDefaultServerImpl] (main) MESSAGE ID:36 METHOD:start LINE:158 LOG:received buffer size: 43690
2018-10-11 15:20:33,071 INFO  [com.jlupin.impl.server.jnative.defaults.JLupinNativeDefaultServerImpl] (main) MESSAGE ID:37 METHOD:start LINE:171 LOG:server name:INFORMATION start listen correctly
2018-10-11 15:20:33,071 INFO  [com.jlupin.impl.server.jnative.defaults.JLupinNativeDefaultServerImpl] (main) MESSAGE ID:32 METHOD:start LINE:117 LOG:server name:INFORMATION_HTTP thread pool size is:32
2018-10-11 15:20:33,071 INFO  [com.jlupin.impl.util.container.socket.JLupinSocketContainer] (main) MESSAGE ID:1 METHOD:<init> LINE:39 LOG:cachedMainSocketMap1=JLupinSocketWrapperMap{name='working for server:INFORMATION_HTTP - name itself:cachedMainSocketMap1'}
2018-10-11 15:20:33,071 INFO  [com.jlupin.impl.util.container.socket.JLupinSocketContainer] (main) MESSAGE ID:12 METHOD:<init> LINE:40 LOG:cachedMainSocketMap2=JLupinSocketWrapperMap{name='working for server:INFORMATION_HTTP - name itself:cachedMainSocketMap2'}
2018-10-11 15:20:33,073 INFO  [com.jlupin.impl.server.jnative.defaults.JLupinNativeDefaultServerImpl] (main) MESSAGE ID:34 METHOD:start LINE:143 LOG:established no ssl server socket factory
2018-10-11 15:20:33,073 INFO  [com.jlupin.impl.server.jnative.defaults.JLupinNativeDefaultServerImpl] (main) MESSAGE ID:35 METHOD:start LINE:155 LOG:server name:INFORMATION_HTTP socket established:ServerSocket[addr=0.0.0.0/0.0.0.0,localport=9098]
2018-10-11 15:20:33,074 INFO  [com.jlupin.impl.server.jnative.defaults.JLupinNativeDefaultServerImpl] (main) MESSAGE ID:36 METHOD:start LINE:158 LOG:received buffer size: 43690
2018-10-11 15:20:33,074 INFO  [com.jlupin.impl.server.jnative.defaults.JLupinNativeDefaultServerImpl] (main) MESSAGE ID:37 METHOD:start LINE:171 LOG:server name:INFORMATION_HTTP start listen correctly
2018-10-11 15:20:33,077 INFO  [com.jlupin.impl.manager.microserviceprocess.helper.processmemory.JLupinProcessMemoryHelper] (main) MESSAGE ID:2 METHOD:start LINE:69 LOG:start check processes memory function is necessary
2018-10-11 15:20:33,090 INFO  [com.jlupin.impl.manager.microserviceprocess.helper.processkeeper.JLupinProcessKeeperHelper] (main) MESSAGE ID:2 METHOD:start LINE:63 LOG:start check processes state function is necessary
2018-10-11 15:20:33,396 INFO  [com.jlupin.impl.balancer.base.JLupinBaseLoadBalancer] (main) MESSAGE ID:22 METHOD:start LINE:897 LOG:load balancer type:INNER_PROCESS_MANAGER with settings:
connectionConfigurationToConnectWithLocalMicroservicesMap:{}
jLupinBalancerConnectionToMainServersAsPeersConfiguration:JLupinBalancerConnectionToServerConfiguration{address='null', jlrmcPort=0, queuePort=0, transmissionPort=0, informationPort=0, connectionTimeoutInMilliseconds=1000, readTimeoutInMilliseconds=90000, checkAvailableScript='null', isKeepAlive=false, isOOBInline=false, isTcpNoDelay=false, isReuseAddress=false, sendBufferSize=0, receiveBufferSize=0, soLinger=0, trafficClass=0} invoked from:
java.lang.Thread;getStackTrace;1559
com.jlupin.impl.util.JLupinUtil;getCurrentFullStackAsString;634
com.jlupin.impl.balancer.base.JLupinBaseLoadBalancer;<init>;128
com.jlupin.impl.balancer.ext.impl.repeat.JLupinAbstractRepeatLoadBalancer;<init>;26
com.jlupin.impl.balancer.ext.impl.priority.JLupinPriorityLoadBalancerImpl;<init>;25
com.jlupin.impl.manager.microserviceprocess.impl.balancing.JLupinBalancingMicroserviceProcessManagerImpl;<init>;89
com.jlupin.configuration.main.producer.processmanager.impl.JLupinBalancingProcessManagerProducerImpl;produceJLupinMultiProcessManager;102
com.jlupin.configuration.main.impl.JLupinMainServerProcessConfigurationImpl;getJLupinMicroserviceProcessManager;147
com.jlupin.command.executor.main.loadstrategy.manager.JLupinMainServerLoadStrategyManager;loadAndStartConfiguration;95
com.jlupin.command.executor.main.JLupinMainServerCommandExecutor;startServersAndAllMicroservicesOnStartProcess;126
com.jlupin.command.interpreter.bytes.main.JLupinMainServerByteCommandInterpreter;doCommand;67
com.jlupin.command.interpreter.text.main.JLupinMainServerTextCommandInterpreter;doCommand;40
com.jlupin.starter.main.start.JLupinMainServerStarter;start;90
com.jlupin.starter.main.init.JLupinMainServerInitializer;main;49
started correctly
2018-10-11 15:20:33,422 INFO  [com.jlupin.impl.manager.microserviceprocess.helper.process.JLupinProcessHelper] (main) MESSAGE ID:1 METHOD:initOSProcess LINE:348 LOG:microservice:channelMicroservice raw microservice command:/opt/java/jdk1.8.0_144/bin/java -Xms128M -Xmx256M -XX:+HeapDumpOnOutOfMemoryError -XX:HeapDumpPath=/home/piotr/IdeaProjects/exchange-project/platform/logs/memory_manager/errors/channelMicroservice -Dcom.sun.management.jmxremote.port=20022 -Dcom.sun.management.jmxremote.local.only=false -Dcom.sun.management.jmxremote.authenticate=false -Dcom.sun.management.jmxremote.ssl=false -cp /home/piotr/IdeaProjects/exchange-project/platform/start/lib/*:/home/piotr/IdeaProjects/exchange-project/platform/start/lib/ext/*: com.jlupin.starter.microservice.init.JLupinMicroserviceInitializer init channelMicroservice configuration.yml 20016 20018 20020 INFO /home/piotr/IdeaProjects/exchange-project/platform/start/temp/temp_channelMicroservice/temp_1539264033348
2018-10-11 15:20:40,294 INFO  [com.jlupin.impl.manager.microserviceprocess.helper.process.JLupinProcessHelper] (main) MESSAGE ID:1 METHOD:initOSProcess LINE:348 LOG:microservice:queueMicroservice raw microservice command:/opt/java/jdk1.8.0_144/bin/java -Xms128M -Xmx256M -XX:+HeapDumpOnOutOfMemoryError -XX:HeapDumpPath=/home/piotr/IdeaProjects/exchange-project/platform/logs/memory_manager/errors/queueMicroservice -Dcom.sun.management.jmxremote.port=20006 -Dcom.sun.management.jmxremote.local.only=false -Dcom.sun.management.jmxremote.authenticate=false -Dcom.sun.management.jmxremote.ssl=false -cp /home/piotr/IdeaProjects/exchange-project/platform/start/lib/*:/home/piotr/IdeaProjects/exchange-project/platform/start/lib/ext/*: com.jlupin.starter.microservice.init.JLupinMicroserviceInitializer init queueMicroservice configuration.yml 20000 20002 20004 INFO /home/piotr/IdeaProjects/exchange-project/platform/start/temp/temp_queueMicroservice/temp_1539264033360
2018-10-11 15:20:46,979 INFO  [com.jlupin.impl.manager.microserviceprocess.helper.process.JLupinProcessHelper] (main) MESSAGE ID:1 METHOD:initOSProcess LINE:348 LOG:microservice:currency-converter-eur raw microservice command:/opt/java/jdk1.8.0_144/bin/java -Xms64M -Xmx128M -XX:+HeapDumpOnOutOfMemoryError -XX:HeapDumpPath=/home/piotr/IdeaProjects/exchange-project/platform/logs/memory_manager/errors/currency-converter-eur -Dcom.sun.management.jmxremote.port=20060 -Dcom.sun.management.jmxremote.local.only=false -Dcom.sun.management.jmxremote.authenticate=false -Dcom.sun.management.jmxremote.ssl=false -cp /home/piotr/IdeaProjects/exchange-project/platform/start/lib/*:/home/piotr/IdeaProjects/exchange-project/platform/start/lib/ext/*: com.jlupin.starter.microservice.init.JLupinMicroserviceInitializer init currency-converter-eur configuration.yml 20054 20056 20058 INFO /home/piotr/IdeaProjects/exchange-project/platform/start/temp/temp_currency-converter-eur/temp_1539264033310
2018-10-11 15:20:53,795 INFO  [com.jlupin.impl.manager.microserviceprocess.helper.process.JLupinProcessHelper] (main) MESSAGE ID:1 METHOD:initOSProcess LINE:348 LOG:microservice:currency-converter-chf raw microservice command:/opt/java/jdk1.8.0_144/bin/java -Xms64M -Xmx128M -XX:+HeapDumpOnOutOfMemoryError -XX:HeapDumpPath=/home/piotr/IdeaProjects/exchange-project/platform/logs/memory_manager/errors/currency-converter-chf -Dcom.sun.management.jmxremote.port=20052 -Dcom.sun.management.jmxremote.local.only=false -Dcom.sun.management.jmxremote.authenticate=false -Dcom.sun.management.jmxremote.ssl=false -cp /home/piotr/IdeaProjects/exchange-project/platform/start/lib/*:/home/piotr/IdeaProjects/exchange-project/platform/start/lib/ext/*: com.jlupin.starter.microservice.init.JLupinMicroserviceInitializer init currency-converter-chf configuration.yml 20046 20048 20050 INFO /home/piotr/IdeaProjects/exchange-project/platform/start/temp/temp_currency-converter-chf/temp_1539264033280
2018-10-11 15:21:00,795 INFO  [com.jlupin.impl.manager.microserviceprocess.helper.process.JLupinProcessHelper] (main) MESSAGE ID:1 METHOD:initOSProcess LINE:348 LOG:microservice:http-session-repository raw microservice command:/opt/java/jdk1.8.0_144/bin/java -Xms128M -Xmx512M -XX:+HeapDumpOnOutOfMemoryError -XX:HeapDumpPath=/home/piotr/IdeaProjects/exchange-project/platform/logs/memory_manager/errors/http-session-repository -Dcom.sun.management.jmxremote.port=20044 -Dcom.sun.management.jmxremote.local.only=false -Dcom.sun.management.jmxremote.authenticate=false -Dcom.sun.management.jmxremote.ssl=false -cp /home/piotr/IdeaProjects/exchange-project/platform/start/lib/*:/home/piotr/IdeaProjects/exchange-project/platform/start/lib/ext/*: com.jlupin.starter.microservice.init.JLupinMicroserviceInitializer init http-session-repository configuration.yml 20038 20040 20042 INFO /home/piotr/IdeaProjects/exchange-project/platform/start/temp/temp_http-session-repository/temp_1539264033296
2018-10-11 15:21:07,626 INFO  [com.jlupin.impl.manager.microserviceprocess.helper.process.JLupinProcessHelper] (main) MESSAGE ID:1 METHOD:initOSProcess LINE:348 LOG:microservice:currency-converter-gbp raw microservice command:/opt/java/jdk1.8.0_144/bin/java -Xms64M -Xmx128M -XX:+HeapDumpOnOutOfMemoryError -XX:HeapDumpPath=/home/piotr/IdeaProjects/exchange-project/platform/logs/memory_manager/errors/currency-converter-gbp -Dcom.sun.management.jmxremote.port=20036 -Dcom.sun.management.jmxremote.local.only=false -Dcom.sun.management.jmxremote.authenticate=false -Dcom.sun.management.jmxremote.ssl=false -cp /home/piotr/IdeaProjects/exchange-project/platform/start/lib/*:/home/piotr/IdeaProjects/exchange-project/platform/start/lib/ext/*: com.jlupin.starter.microservice.init.JLupinMicroserviceInitializer init currency-converter-gbp configuration.yml 20030 20032 20034 INFO /home/piotr/IdeaProjects/exchange-project/platform/start/temp/temp_currency-converter-gbp/temp_1539264033335
2018-10-11 15:21:14,898 INFO  [com.jlupin.impl.manager.microserviceprocess.helper.process.JLupinProcessHelper] (main) MESSAGE ID:1 METHOD:initOSProcess LINE:348 LOG:microservice:exchange raw microservice command:/opt/java/jdk1.8.0_144/bin/java -Xms64M -Xmx192M -XX:+HeapDumpOnOutOfMemoryError -XX:HeapDumpPath=/home/piotr/IdeaProjects/exchange-project/platform/logs/memory_manager/errors/exchange -Dcom.sun.management.jmxremote.port=20028 -Dcom.sun.management.jmxremote.local.only=false -Dcom.sun.management.jmxremote.authenticate=false -Dcom.sun.management.jmxremote.ssl=false -cp /home/piotr/IdeaProjects/exchange-project/platform/start/lib/*:/home/piotr/IdeaProjects/exchange-project/platform/start/lib/ext/*:/home/piotr/IdeaProjects/exchange-project/platform/start/temp/temp_exchange/temp_1539264033323/servlet_configuration.yml:/home/piotr/IdeaProjects/exchange-project/platform/start/temp/temp_exchange/temp_1539264033323/log4j2.xml:/home/piotr/IdeaProjects/exchange-project/platform/start/temp/temp_exchange/temp_1539264033323/exchange.war: com.jlupin.starter.microservice.init.JLupinMicroserviceInitializer init exchange servlet_configuration.yml 20024 0 20026 INFO /home/piotr/IdeaProjects/exchange-project/platform/start/temp/temp_exchange/temp_1539264033323
2018-10-11 15:21:25,421 INFO  [com.jlupin.impl.manager.microserviceprocess.helper.process.JLupinProcessHelper] (main) MESSAGE ID:1 METHOD:initOSProcess LINE:348 LOG:microservice:exchange-rates raw microservice command:/opt/java/jdk1.8.0_144/bin/java -Xms64M -Xmx128M -XX:+HeapDumpOnOutOfMemoryError -XX:HeapDumpPath=/home/piotr/IdeaProjects/exchange-project/platform/logs/memory_manager/errors/exchange-rates -Dcom.sun.management.jmxremote.port=20014 -Dcom.sun.management.jmxremote.local.only=false -Dcom.sun.management.jmxremote.authenticate=false -Dcom.sun.management.jmxremote.ssl=false -cp /home/piotr/IdeaProjects/exchange-project/platform/start/lib/*:/home/piotr/IdeaProjects/exchange-project/platform/start/lib/ext/*: com.jlupin.starter.microservice.init.JLupinMicroserviceInitializer init exchange-rates configuration.yml 20008 20010 20012 INFO /home/piotr/IdeaProjects/exchange-project/platform/start/temp/temp_exchange-rates/temp_1539264033119
2018-10-11 15:21:32,705 INFO  [com.jlupin.impl.manager.technicalprocess.helper.JLupinTechnicalProcessKeeperHelper] (main) MESSAGE ID:2 METHOD:start LINE:68 LOG:start check technical processes state function is necessary
2018-10-11 15:21:47,257 INFO  [com.jlupin.impl.manager.microserviceprocess.helper.process.JLupinProcessHelper] (pool-12-thread-4) MESSAGE ID:1 METHOD:initOSProcess LINE:348 LOG:microservice:exchange-rates raw microservice command:/opt/java/jdk1.8.0_144/bin/java -Xms128M -Xmx256M -XX:+HeapDumpOnOutOfMemoryError -XX:HeapDumpPath=/home/piotr/IdeaProjects/exchange-project/platform/logs/memory_manager/errors/exchange-rates -Dcom.sun.management.jmxremote.port=20014 -Dcom.sun.management.jmxremote.local.only=false -Dcom.sun.management.jmxremote.authenticate=false -Dcom.sun.management.jmxremote.ssl=false -cp /home/piotr/IdeaProjects/exchange-project/platform/start/lib/*:/home/piotr/IdeaProjects/exchange-project/platform/start/lib/ext/*: com.jlupin.starter.microservice.init.JLupinMicroserviceInitializer init exchange-rates configuration.yml 20008 20010 20012 INFO /home/piotr/IdeaProjects/exchange-project/platform/start/temp/temp_exchange-rates/temp_1539264107204
2018-10-11 15:22:03,432 INFO  [com.jlupin.impl.manager.microserviceprocess.helper.process.JLupinProcessHelper] (pool-12-thread-7) MESSAGE ID:1 METHOD:initOSProcess LINE:348 LOG:microservice:currency-converter raw microservice command:/opt/java/jdk1.8.0_144/bin/java -Xms128M -Xmx256M -XX:+HeapDumpOnOutOfMemoryError -XX:HeapDumpPath=/home/piotr/IdeaProjects/exchange-project/platform/logs/memory_manager/errors/currency-converter -Dcom.sun.management.jmxremote.port=20068 -Dcom.sun.management.jmxremote.local.only=false -Dcom.sun.management.jmxremote.authenticate=false -Dcom.sun.management.jmxremote.ssl=false -cp /home/piotr/IdeaProjects/exchange-project/platform/start/lib/*:/home/piotr/IdeaProjects/exchange-project/platform/start/lib/ext/*: com.jlupin.starter.microservice.init.JLupinMicroserviceInitializer init currency-converter configuration.yml 20062 20064 20066 INFO /home/piotr/IdeaProjects/exchange-project/platform/start/temp/temp_currency-converter/temp_1539264123400
2018-10-11 15:22:44,368 INFO  [com.jlupin.impl.manager.microserviceprocess.helper.process.JLupinProcessHelper] (pool-12-thread-11) MESSAGE ID:1 METHOD:initOSProcess LINE:348 LOG:microservice:exchange raw microservice command:/opt/java/jdk1.8.0_144/bin/java -Xms128M -Xmx512M -XX:+HeapDumpOnOutOfMemoryError -XX:HeapDumpPath=/home/piotr/IdeaProjects/exchange-project/platform/logs/memory_manager/errors/exchange -Dcom.sun.management.jmxremote.port=20028 -Dcom.sun.management.jmxremote.local.only=false -Dcom.sun.management.jmxremote.authenticate=false -Dcom.sun.management.jmxremote.ssl=false -cp /home/piotr/IdeaProjects/exchange-project/platform/start/lib/*:/home/piotr/IdeaProjects/exchange-project/platform/start/lib/ext/*:/home/piotr/IdeaProjects/exchange-project/platform/start/temp/temp_exchange/temp_1539264164230/servlet_configuration.yml:/home/piotr/IdeaProjects/exchange-project/platform/start/temp/temp_exchange/temp_1539264164230/log4j2.xml:/home/piotr/IdeaProjects/exchange-project/platform/start/temp/temp_exchange/temp_1539264164230/exchange.war: com.jlupin.starter.microservice.init.JLupinMicroserviceInitializer init exchange servlet_configuration.yml 20024 0 20026 INFO /home/piotr/IdeaProjects/exchange-project/platform/start/temp/temp_exchange/temp_1539264164230
2018-10-11 15:25:16,404 INFO  [com.jlupin.impl.manager.microserviceprocess.helper.process.JLupinProcessHelper] (pool-12-thread-15) MESSAGE ID:1 METHOD:initOSProcess LINE:348 LOG:microservice:exchange raw microservice command:/opt/java/jdk1.8.0_144/bin/java -Xms128M -Xmx512M -XX:+HeapDumpOnOutOfMemoryError -XX:HeapDumpPath=/home/piotr/IdeaProjects/exchange-project/platform/logs/memory_manager/errors/exchange -Dcom.sun.management.jmxremote.port=20028 -Dcom.sun.management.jmxremote.local.only=false -Dcom.sun.management.jmxremote.authenticate=false -Dcom.sun.management.jmxremote.ssl=false -cp /home/piotr/IdeaProjects/exchange-project/platform/start/lib/*:/home/piotr/IdeaProjects/exchange-project/platform/start/lib/ext/*:/home/piotr/IdeaProjects/exchange-project/platform/start/temp/temp_exchange/temp_1539264316295/servlet_configuration.yml:/home/piotr/IdeaProjects/exchange-project/platform/start/temp/temp_exchange/temp_1539264316295/log4j2.xml:/home/piotr/IdeaProjects/exchange-project/platform/start/temp/temp_exchange/temp_1539264316295/exchange.war: com.jlupin.starter.microservice.init.JLupinMicroserviceInitializer init exchange servlet_configuration.yml 20024 0 20026 INFO /home/piotr/IdeaProjects/exchange-project/platform/start/temp/temp_exchange/temp_1539264316295
