[2018-10-11 15:20:40]input stream reader for microservice:channelMicroservice, process id:20053 correctly initialized
[2018-10-11 15:20:40]error stream reader for microservice:channelMicroservice, process id:20053 correctly initialized
[2018-10-11 15:20:46]input stream reader for microservice:queueMicroservice, process id:20115 correctly initialized
[2018-10-11 15:20:46]error stream reader for microservice:queueMicroservice, process id:20115 correctly initialized
[2018-10-11 15:20:53]input stream reader for microservice:currency-converter-eur, process id:20184 correctly initialized
[2018-10-11 15:20:53]error stream reader for microservice:currency-converter-eur, process id:20184 correctly initialized
[2018-10-11 15:21:00]input stream reader for microservice:currency-converter-chf, process id:20250 correctly initialized
[2018-10-11 15:21:00]error stream reader for microservice:currency-converter-chf, process id:20250 correctly initialized
[2018-10-11 15:21:07]input stream reader for microservice:http-session-repository, process id:20320 correctly initialized
[2018-10-11 15:21:07]error stream reader for microservice:http-session-repository, process id:20320 correctly initialized
[2018-10-11 15:21:14]input stream reader for microservice:currency-converter-gbp, process id:20386 correctly initialized
[2018-10-11 15:21:14]error stream reader for microservice:currency-converter-gbp, process id:20386 correctly initialized
[2018-10-11 15:21:25]input stream reader for microservice:exchange, process id:20446 correctly initialized
[2018-10-11 15:21:25]error stream reader for microservice:exchange, process id:20446 correctly initialized
[2018-10-11 15:21:32]input stream reader for microservice:exchange-rates, process id:20511 correctly initialized
[2018-10-11 15:21:32]error stream reader for microservice:exchange-rates, process id:20511 correctly initialized
[2018-10-11 15:21:54]input stream reader for microservice:exchange-rates, process id:20613 correctly initialized
[2018-10-11 15:21:54]error stream reader for microservice:exchange-rates, process id:20613 correctly initialized
[2018-10-11 15:22:10]input stream reader for microservice:currency-converter, process id:20712 correctly initialized
[2018-10-11 15:22:10]error stream reader for microservice:currency-converter, process id:20712 correctly initialized
[2018-10-11 15:22:57]input stream reader for microservice:exchange, process id:20838 correctly initialized
[2018-10-11 15:22:57]error stream reader for microservice:exchange, process id:20838 correctly initialized
[2018-10-11 15:25:27]input stream reader for microservice:exchange, process id:21091 correctly initialized
[2018-10-11 15:25:27]error stream reader for microservice:exchange, process id:21091 correctly initialized
