2018-10-11 15:21:04,835 INFO  [com.jlupin.impl.server.jnative.defaults.JLupinNativeDefaultServerImpl] (main) MESSAGE ID:32 METHOD:start LINE:117 LOG:server name:TRANSMISSION thread pool size is:8
2018-10-11 15:21:04,847 INFO  [com.jlupin.impl.util.container.socket.JLupinSocketContainer] (main) MESSAGE ID:1 METHOD:<init> LINE:39 LOG:cachedMainSocketMap1=JLupinSocketWrapperMap{name='working for server:TRANSMISSION - name itself:cachedMainSocketMap1'}
2018-10-11 15:21:04,847 INFO  [com.jlupin.impl.util.container.socket.JLupinSocketContainer] (main) MESSAGE ID:12 METHOD:<init> LINE:40 LOG:cachedMainSocketMap2=JLupinSocketWrapperMap{name='working for server:TRANSMISSION - name itself:cachedMainSocketMap2'}
2018-10-11 15:21:04,853 INFO  [com.jlupin.impl.server.jnative.defaults.JLupinNativeDefaultServerImpl] (main) MESSAGE ID:34 METHOD:start LINE:143 LOG:established no ssl server socket factory
2018-10-11 15:21:04,854 INFO  [com.jlupin.impl.server.jnative.defaults.JLupinNativeDefaultServerImpl] (main) MESSAGE ID:35 METHOD:start LINE:155 LOG:server name:TRANSMISSION socket established:ServerSocket[addr=0.0.0.0/0.0.0.0,localport=20042]
2018-10-11 15:21:04,854 INFO  [com.jlupin.impl.server.jnative.defaults.JLupinNativeDefaultServerImpl] (main) MESSAGE ID:36 METHOD:start LINE:158 LOG:received buffer size: 43690
2018-10-11 15:21:04,856 INFO  [com.jlupin.impl.server.jnative.defaults.JLupinNativeDefaultServerImpl] (main) MESSAGE ID:37 METHOD:start LINE:171 LOG:server name:TRANSMISSION start listen correctly
2018-10-11 15:21:05,179 INFO  [com.jlupin.impl.server.jnative.defaults.JLupinNativeDefaultServerImpl] (pool-6-thread-7) MESSAGE ID:32 METHOD:start LINE:117 LOG:server name:JLRMC thread pool size is:128
2018-10-11 15:21:05,179 INFO  [com.jlupin.impl.util.container.socket.JLupinSocketContainer] (pool-6-thread-7) MESSAGE ID:1 METHOD:<init> LINE:39 LOG:cachedMainSocketMap1=JLupinSocketWrapperMap{name='working for server:JLRMC - name itself:cachedMainSocketMap1'}
2018-10-11 15:21:05,179 INFO  [com.jlupin.impl.util.container.socket.JLupinSocketContainer] (pool-6-thread-7) MESSAGE ID:12 METHOD:<init> LINE:40 LOG:cachedMainSocketMap2=JLupinSocketWrapperMap{name='working for server:JLRMC - name itself:cachedMainSocketMap2'}
2018-10-11 15:21:05,182 INFO  [com.jlupin.impl.server.jnative.defaults.JLupinNativeDefaultServerImpl] (pool-6-thread-7) MESSAGE ID:34 METHOD:start LINE:143 LOG:established no ssl server socket factory
2018-10-11 15:21:05,183 INFO  [com.jlupin.impl.server.jnative.defaults.JLupinNativeDefaultServerImpl] (pool-6-thread-7) MESSAGE ID:35 METHOD:start LINE:155 LOG:server name:JLRMC socket established:ServerSocket[addr=0.0.0.0/0.0.0.0,localport=20038]
2018-10-11 15:21:05,183 INFO  [com.jlupin.impl.server.jnative.defaults.JLupinNativeDefaultServerImpl] (pool-6-thread-7) MESSAGE ID:36 METHOD:start LINE:158 LOG:received buffer size: 1152
2018-10-11 15:21:05,183 INFO  [com.jlupin.impl.server.jnative.defaults.JLupinNativeDefaultServerImpl] (pool-6-thread-7) MESSAGE ID:37 METHOD:start LINE:171 LOG:server name:JLRMC start listen correctly
2018-10-11 15:21:05,184 INFO  [com.jlupin.impl.server.jnative.defaults.JLupinNativeDefaultServerImpl] (pool-6-thread-7) MESSAGE ID:32 METHOD:start LINE:117 LOG:server name:QUEUE thread pool size is:128
2018-10-11 15:21:05,184 INFO  [com.jlupin.impl.util.container.socket.JLupinSocketContainer] (pool-6-thread-7) MESSAGE ID:1 METHOD:<init> LINE:39 LOG:cachedMainSocketMap1=JLupinSocketWrapperMap{name='working for server:QUEUE - name itself:cachedMainSocketMap1'}
2018-10-11 15:21:05,184 INFO  [com.jlupin.impl.util.container.socket.JLupinSocketContainer] (pool-6-thread-7) MESSAGE ID:12 METHOD:<init> LINE:40 LOG:cachedMainSocketMap2=JLupinSocketWrapperMap{name='working for server:QUEUE - name itself:cachedMainSocketMap2'}
2018-10-11 15:21:05,184 INFO  [com.jlupin.impl.server.jnative.defaults.JLupinNativeDefaultServerImpl] (pool-6-thread-7) MESSAGE ID:34 METHOD:start LINE:143 LOG:established no ssl server socket factory
2018-10-11 15:21:05,185 INFO  [com.jlupin.impl.server.jnative.defaults.JLupinNativeDefaultServerImpl] (pool-6-thread-7) MESSAGE ID:35 METHOD:start LINE:155 LOG:server name:QUEUE socket established:ServerSocket[addr=0.0.0.0/0.0.0.0,localport=20040]
2018-10-11 15:21:05,185 INFO  [com.jlupin.impl.server.jnative.defaults.JLupinNativeDefaultServerImpl] (pool-6-thread-7) MESSAGE ID:36 METHOD:start LINE:158 LOG:received buffer size: 1152
2018-10-11 15:21:05,189 INFO  [com.jlupin.impl.server.jnative.defaults.JLupinNativeDefaultServerImpl] (pool-6-thread-7) MESSAGE ID:37 METHOD:start LINE:171 LOG:server name:QUEUE start listen correctly
2018-10-11 15:21:05,656 INFO  [org.springframework.context.annotation.AnnotationConfigApplicationContext] (pool-6-thread-1) Refreshing org.springframework.context.annotation.AnnotationConfigApplicationContext@42cff647: startup date [Thu Oct 11 15:21:05 CEST 2018]; root of context hierarchy
2018-10-11 15:21:06,343 INFO  [com.jlupin.impl.container.application.spring.JLupinAbstractSpringApplicationContainer] (pool-6-thread-1) MESSAGE ID:3 METHOD:load LINE:95 LOG:load application factory:org.springframework.context.annotation.AnnotationConfigApplicationContext@42cff647: startup date [Thu Oct 11 15:21:05 CEST 2018]; root of context hierarchy
2018-10-11 15:21:07,100 INFO  [com.jlupin.impl.container.application.spring.JLupinAbstractSpringApplicationContainer] (pool-6-thread-1) MESSAGE ID:35 METHOD:load LINE:153 LOG:application factory:org.springframework.context.annotation.AnnotationConfigApplicationContext@42cff647: startup date [Thu Oct 11 15:21:05 CEST 2018]; root of context hierarchy started correctly
2018-10-11 15:21:07,338 INFO  [com.jlupin.impl.balancer.base.JLupinBaseLoadBalancer] (pool-6-thread-3) MESSAGE ID:22 METHOD:start LINE:897 LOG:load balancer type:INNER_MICROSERVICE with settings:
connectionConfigurationToConnectWithLocalMicroservicesMap:{}
jLupinBalancerConnectionToMainServersAsPeersConfiguration:JLupinBalancerConnectionToServerConfiguration{address='null', jlrmcPort=0, queuePort=0, transmissionPort=0, informationPort=0, connectionTimeoutInMilliseconds=2000, readTimeoutInMilliseconds=300000, checkAvailableScript='null', isKeepAlive=false, isOOBInline=false, isTcpNoDelay=false, isReuseAddress=false, sendBufferSize=0, receiveBufferSize=0, soLinger=0, trafficClass=0} invoked from:
java.lang.Thread;getStackTrace;1559
com.jlupin.impl.util.JLupinUtil;getCurrentFullStackAsString;634
com.jlupin.impl.balancer.base.JLupinBaseLoadBalancer;<init>;128
com.jlupin.impl.balancer.ext.impl.repeat.JLupinAbstractRepeatLoadBalancer;<init>;26
com.jlupin.impl.balancer.ext.impl.priority.JLupinPriorityLoadBalancerImpl;<init>;25
com.jlupin.impl.entrypoint.microservice.queue.JLupinQueueMicroserviceEntryPointImpl;start;78
com.jlupin.command.executor.microservice.loadstrategy.impl.jnative.JLupinMicroserviceNativeLoadStrategyImpl;loadConfigurationAndStart;119
com.jlupin.command.executor.microservice.loadstrategy.impl.base.JLupinBaseMicroserviceLoadStategyImpl;loadConfigurationAndStartServers;34
com.jlupin.command.executor.microservice.loadstrategy.manager.JLupinMicroserviceLoadStrategyManager;loadAndStartConfiguration;38
com.jlupin.command.executor.microservice.JLupinMicroserviceServerCommandExecutor;loadConfigurationAndStartServers;83
com.jlupin.command.interpreter.bytes.microservice.JLupinMicroserviceByteCommandInterpreter;doCommand;38
com.jlupin.starter.microservice.start.JLupinMicroserviceStarter;start;67
com.jlupin.starter.microservice.init.JLupinMicroserviceInitializer;main;59
started correctly
