[2018-10-11 15:21:18]microservice:exchange identity by os microservice id:20446 started correctly
[2018-10-11 15:21:18]memory state for local server after start microservice:
total memory:178.5 megabytes
free  memory:80.9  megabytes
used  memory:97.6  megabytes
max   memory:178.5 megabytes
[2018-10-11 15:21:18]microservice identity by os microservice id:20446 for microservice:exchange initialized correctly
[2018-10-11 15:21:18][JLPIT]-[PROCESS_ID]20446[/PROCESS_ID]-[/JLPIT]
[2018-10-11 15:21:18][JLPIOST]-[PROCESS_INIT_SUCCESS]-[/JLPIOST]
[2018-10-11 15:21:18][JLPIOST]-[PROCESS_INIT_END_OF_STREAM]-[/JLPIOST]
[2018-10-11 15:21:19]user.dir:/home/piotr/IdeaProjects/exchange-project/platform/application/exchange
[2018-10-11 15:21:19]temp.dir:/home/piotr/IdeaProjects/exchange-project/platform/start/temp
[2018-10-11 15:21:20]  .   ____          _            __ _ _
[2018-10-11 15:21:20] /\\ / ___'_ __ _ _(_)_ __  __ _ \ \ \ \
[2018-10-11 15:21:20]( ( )\___ | '_ | '_| | '_ \/ _` | \ \ \ \
[2018-10-11 15:21:20] \\/  ___)| |_)| | | | | || (_| |  ) ) ) )
[2018-10-11 15:21:20]  '  |____| .__|_| |_|_| |_\__, | / / / /
[2018-10-11 15:21:20] =========|_|==============|___/=/_/_/_/
[2018-10-11 15:21:20] :: Spring Boot ::        (v1.5.2.RELEASE)
[2018-10-11 15:21:24]computed jdkVersion variable:8
[2018-10-11 15:21:24]all microservers for microservice:exchange started correctly
[2018-10-11 15:21:24]servers are starting now and this operation takes so far:5 seconds (5363 milliseconds)
[2018-10-11 15:22:48]microservice:exchange identity by os microservice id:20838 started correctly
[2018-10-11 15:22:48]memory state for local server after start microservice:
total memory:236.5 megabytes
free  memory:122.1 megabytes
used  memory:114.4 megabytes
max   memory:455.5 megabytes
[2018-10-11 15:22:48]microservice identity by os microservice id:20838 for microservice:exchange initialized correctly
[2018-10-11 15:22:48][JLPIT]-[PROCESS_ID]20838[/PROCESS_ID]-[/JLPIT]
[2018-10-11 15:22:48][JLPIOST]-[PROCESS_INIT_SUCCESS]-[/JLPIOST]
[2018-10-11 15:22:48][JLPIOST]-[PROCESS_INIT_END_OF_STREAM]-[/JLPIOST]
[2018-10-11 15:22:48]user.dir:/home/piotr/IdeaProjects/exchange-project/platform/application/exchange
[2018-10-11 15:22:48]temp.dir:/home/piotr/IdeaProjects/exchange-project/platform/start/temp
[2018-10-11 15:22:51]  .   ____          _            __ _ _
[2018-10-11 15:22:51] /\\ / ___'_ __ _ _(_)_ __  __ _ \ \ \ \
[2018-10-11 15:22:51]( ( )\___ | '_ | '_| | '_ \/ _` | \ \ \ \
[2018-10-11 15:22:51] \\/  ___)| |_)| | | | | || (_| |  ) ) ) )
[2018-10-11 15:22:51]  '  |____| .__|_| |_|_| |_\__, | / / / /
[2018-10-11 15:22:51] =========|_|==============|___/=/_/_/_/
[2018-10-11 15:22:51] :: Spring Boot ::        (v2.0.2.RELEASE)
[2018-10-11 15:22:54]servers are starting now and this operation takes so far:5 seconds (5538 milliseconds)
[2018-10-11 15:22:56]computed jdkVersion variable:8
[2018-10-11 15:22:56]bad log file exists try delete them:/home/piotr/IdeaProjects/exchange-project/platform/application/logs
[2018-10-11 15:22:56]all microservers for microservice:exchange started correctly
[2018-10-11 15:22:56]servers are starting now and this operation takes so far:8 seconds (8031 milliseconds)
[2018-10-11 15:25:20]microservice:exchange identity by os microservice id:21091 started correctly
[2018-10-11 15:25:20]memory state for local server after start microservice:
total memory:295.0 megabytes
free  memory:178.1 megabytes
used  memory:116.9 megabytes
max   memory:455.5 megabytes
[2018-10-11 15:25:20]microservice identity by os microservice id:21091 for microservice:exchange initialized correctly
[2018-10-11 15:25:20][JLPIT]-[PROCESS_ID]21091[/PROCESS_ID]-[/JLPIT]
[2018-10-11 15:25:20][JLPIOST]-[PROCESS_INIT_SUCCESS]-[/JLPIOST]
[2018-10-11 15:25:20][JLPIOST]-[PROCESS_INIT_END_OF_STREAM]-[/JLPIOST]
[2018-10-11 15:25:20]user.dir:/home/piotr/IdeaProjects/exchange-project/platform/application/exchange
[2018-10-11 15:25:20]temp.dir:/home/piotr/IdeaProjects/exchange-project/platform/start/temp
[2018-10-11 15:25:22]  .   ____          _            __ _ _
[2018-10-11 15:25:22] /\\ / ___'_ __ _ _(_)_ __  __ _ \ \ \ \
[2018-10-11 15:25:22]( ( )\___ | '_ | '_| | '_ \/ _` | \ \ \ \
[2018-10-11 15:25:22] \\/  ___)| |_)| | | | | || (_| |  ) ) ) )
[2018-10-11 15:25:22]  '  |____| .__|_| |_|_| |_\__, | / / / /
[2018-10-11 15:25:22] =========|_|==============|___/=/_/_/_/
[2018-10-11 15:25:22] :: Spring Boot ::        (v2.0.2.RELEASE)
[2018-10-11 15:25:26]servers are starting now and this operation takes so far:5 seconds (5518 milliseconds)
[2018-10-11 15:25:26]computed jdkVersion variable:8
[2018-10-11 15:25:26]bad log file exists try delete them:/home/piotr/IdeaProjects/exchange-project/platform/application/logs
[2018-10-11 15:25:26]all microservers for microservice:exchange started correctly
[2018-10-11 15:25:26]servers are starting now and this operation takes so far:5 seconds (5904 milliseconds)
